2023-02-28 16:50:04,388 [Worker-6: Loading available Gradle versions] INFO  o.e.b.c.i.u.g.PublishedGradleVersions - Gradle version information cache is up-to-date. Trying to read.
2023-02-28 16:59:16,985 [Worker-23: Launching mavenrun-f9ad7c4e-c1bd-44f4-a57e-c7e055780f19] INFO  o.eclipse.m2e.core.internal.Bundles - getClasspathEntries(Bundle=org.eclipse.m2e.maven.runtime_3.8.604.20221130-2149 [606])
2023-02-28 16:59:16,989 [Worker-23: Launching mavenrun-f9ad7c4e-c1bd-44f4-a57e-c7e055780f19] INFO  o.eclipse.m2e.core.internal.Bundles - 	Entry: C:\Program Files\eclipse\plugins\org.eclipse.m2e.maven.runtime_3.8.604.20221130-2149
2023-02-28 16:59:16,990 [Worker-23: Launching mavenrun-f9ad7c4e-c1bd-44f4-a57e-c7e055780f19] INFO  o.eclipse.m2e.core.internal.Bundles - 	Entry: C:\Program Files\eclipse\plugins\org.eclipse.m2e.maven.runtime_3.8.604.20221130-2149\jars\aether-connector-okhttp-0.17.8.jar
2023-02-28 16:59:16,990 [Worker-23: Launching mavenrun-f9ad7c4e-c1bd-44f4-a57e-c7e055780f19] INFO  o.eclipse.m2e.core.internal.Bundles - 	Entry: C:\Program Files\eclipse\plugins\org.eclipse.m2e.maven.runtime_3.8.604.20221130-2149\jars\commons-cli-1.4.jar
2023-02-28 16:59:16,990 [Worker-23: Launching mavenrun-f9ad7c4e-c1bd-44f4-a57e-c7e055780f19] INFO  o.eclipse.m2e.core.internal.Bundles - 	Entry: C:\Program Files\eclipse\plugins\org.eclipse.m2e.maven.runtime_3.8.604.20221130-2149\jars\commons-io-2.6.jar
2023-02-28 16:59:16,991 [Worker-23: Launching mavenrun-f9ad7c4e-c1bd-44f4-a57e-c7e055780f19] INFO  o.eclipse.m2e.core.internal.Bundles - 	Entry: C:\Program Files\eclipse\plugins\org.eclipse.m2e.maven.runtime_3.8.604.20221130-2149\jars\commons-lang3-3.8.1.jar
2023-02-28 16:59:16,991 [Worker-23: Launching mavenrun-f9ad7c4e-c1bd-44f4-a57e-c7e055780f19] INFO  o.eclipse.m2e.core.internal.Bundles - 	Entry: C:\Program Files\eclipse\plugins\org.eclipse.m2e.maven.runtime_3.8.604.20221130-2149\jars\guice-4.2.2-no_aop.jar
2023-02-28 16:59:16,991 [Worker-23: Launching mavenrun-f9ad7c4e-c1bd-44f4-a57e-c7e055780f19] INFO  o.eclipse.m2e.core.internal.Bundles - 	Entry: C:\Program Files\eclipse\plugins\org.eclipse.m2e.maven.runtime_3.8.604.20221130-2149\jars\jansi-2.4.0.jar
2023-02-28 16:59:16,991 [Worker-23: Launching mavenrun-f9ad7c4e-c1bd-44f4-a57e-c7e055780f19] INFO  o.eclipse.m2e.core.internal.Bundles - 	Entry: C:\Program Files\eclipse\plugins\org.eclipse.m2e.maven.runtime_3.8.604.20221130-2149\jars\maven-artifact-3.8.6.jar
2023-02-28 16:59:16,991 [Worker-23: Launching mavenrun-f9ad7c4e-c1bd-44f4-a57e-c7e055780f19] INFO  o.eclipse.m2e.core.internal.Bundles - 	Entry: C:\Program Files\eclipse\plugins\org.eclipse.m2e.maven.runtime_3.8.604.20221130-2149\jars\maven-builder-support-3.8.6.jar
2023-02-28 16:59:16,991 [Worker-23: Launching mavenrun-f9ad7c4e-c1bd-44f4-a57e-c7e055780f19] INFO  o.eclipse.m2e.core.internal.Bundles - 	Entry: C:\Program Files\eclipse\plugins\org.eclipse.m2e.maven.runtime_3.8.604.20221130-2149\jars\maven-compat-3.8.6.jar
2023-02-28 16:59:16,991 [Worker-23: Launching mavenrun-f9ad7c4e-c1bd-44f4-a57e-c7e055780f19] INFO  o.eclipse.m2e.core.internal.Bundles - 	Entry: C:\Program Files\eclipse\plugins\org.eclipse.m2e.maven.runtime_3.8.604.20221130-2149\jars\maven-core-3.8.6.jar
2023-02-28 16:59:16,991 [Worker-23: Launching mavenrun-f9ad7c4e-c1bd-44f4-a57e-c7e055780f19] INFO  o.eclipse.m2e.core.internal.Bundles - 	Entry: C:\Program Files\eclipse\plugins\org.eclipse.m2e.maven.runtime_3.8.604.20221130-2149\jars\maven-embedder-3.8.6.jar
2023-02-28 16:59:16,991 [Worker-23: Launching mavenrun-f9ad7c4e-c1bd-44f4-a57e-c7e055780f19] INFO  o.eclipse.m2e.core.internal.Bundles - 	Entry: C:\Program Files\eclipse\plugins\org.eclipse.m2e.maven.runtime_3.8.604.20221130-2149\jars\maven-model-3.8.6.jar
2023-02-28 16:59:16,992 [Worker-23: Launching mavenrun-f9ad7c4e-c1bd-44f4-a57e-c7e055780f19] INFO  o.eclipse.m2e.core.internal.Bundles - 	Entry: C:\Program Files\eclipse\plugins\org.eclipse.m2e.maven.runtime_3.8.604.20221130-2149\jars\maven-model-builder-3.8.6.jar
2023-02-28 16:59:16,992 [Worker-23: Launching mavenrun-f9ad7c4e-c1bd-44f4-a57e-c7e055780f19] INFO  o.eclipse.m2e.core.internal.Bundles - 	Entry: C:\Program Files\eclipse\plugins\org.eclipse.m2e.maven.runtime_3.8.604.20221130-2149\jars\maven-plugin-api-3.8.6.jar
2023-02-28 16:59:16,992 [Worker-23: Launching mavenrun-f9ad7c4e-c1bd-44f4-a57e-c7e055780f19] INFO  o.eclipse.m2e.core.internal.Bundles - 	Entry: C:\Program Files\eclipse\plugins\org.eclipse.m2e.maven.runtime_3.8.604.20221130-2149\jars\maven-repository-metadata-3.8.6.jar
2023-02-28 16:59:16,992 [Worker-23: Launching mavenrun-f9ad7c4e-c1bd-44f4-a57e-c7e055780f19] INFO  o.eclipse.m2e.core.internal.Bundles - 	Entry: C:\Program Files\eclipse\plugins\org.eclipse.m2e.maven.runtime_3.8.604.20221130-2149\jars\maven-resolver-api-1.6.3.jar
2023-02-28 16:59:16,992 [Worker-23: Launching mavenrun-f9ad7c4e-c1bd-44f4-a57e-c7e055780f19] INFO  o.eclipse.m2e.core.internal.Bundles - 	Entry: C:\Program Files\eclipse\plugins\org.eclipse.m2e.maven.runtime_3.8.604.20221130-2149\jars\maven-resolver-connector-basic-1.6.3.jar
2023-02-28 16:59:16,992 [Worker-23: Launching mavenrun-f9ad7c4e-c1bd-44f4-a57e-c7e055780f19] INFO  o.eclipse.m2e.core.internal.Bundles - 	Entry: C:\Program Files\eclipse\plugins\org.eclipse.m2e.maven.runtime_3.8.604.20221130-2149\jars\maven-resolver-impl-1.6.3.jar
2023-02-28 16:59:16,992 [Worker-23: Launching mavenrun-f9ad7c4e-c1bd-44f4-a57e-c7e055780f19] INFO  o.eclipse.m2e.core.internal.Bundles - 	Entry: C:\Program Files\eclipse\plugins\org.eclipse.m2e.maven.runtime_3.8.604.20221130-2149\jars\maven-resolver-provider-3.8.6.jar
2023-02-28 16:59:16,993 [Worker-23: Launching mavenrun-f9ad7c4e-c1bd-44f4-a57e-c7e055780f19] INFO  o.eclipse.m2e.core.internal.Bundles - 	Entry: C:\Program Files\eclipse\plugins\org.eclipse.m2e.maven.runtime_3.8.604.20221130-2149\jars\maven-resolver-spi-1.6.3.jar
2023-02-28 16:59:16,993 [Worker-23: Launching mavenrun-f9ad7c4e-c1bd-44f4-a57e-c7e055780f19] INFO  o.eclipse.m2e.core.internal.Bundles - 	Entry: C:\Program Files\eclipse\plugins\org.eclipse.m2e.maven.runtime_3.8.604.20221130-2149\jars\maven-resolver-transport-wagon-1.6.3.jar
2023-02-28 16:59:16,993 [Worker-23: Launching mavenrun-f9ad7c4e-c1bd-44f4-a57e-c7e055780f19] INFO  o.eclipse.m2e.core.internal.Bundles - 	Entry: C:\Program Files\eclipse\plugins\org.eclipse.m2e.maven.runtime_3.8.604.20221130-2149\jars\maven-resolver-util-1.6.3.jar
2023-02-28 16:59:16,993 [Worker-23: Launching mavenrun-f9ad7c4e-c1bd-44f4-a57e-c7e055780f19] INFO  o.eclipse.m2e.core.internal.Bundles - 	Entry: C:\Program Files\eclipse\plugins\org.eclipse.m2e.maven.runtime_3.8.604.20221130-2149\jars\maven-settings-3.8.6.jar
2023-02-28 16:59:16,993 [Worker-23: Launching mavenrun-f9ad7c4e-c1bd-44f4-a57e-c7e055780f19] INFO  o.eclipse.m2e.core.internal.Bundles - 	Entry: C:\Program Files\eclipse\plugins\org.eclipse.m2e.maven.runtime_3.8.604.20221130-2149\jars\maven-settings-builder-3.8.6.jar
2023-02-28 16:59:16,993 [Worker-23: Launching mavenrun-f9ad7c4e-c1bd-44f4-a57e-c7e055780f19] INFO  o.eclipse.m2e.core.internal.Bundles - 	Entry: C:\Program Files\eclipse\plugins\org.eclipse.m2e.maven.runtime_3.8.604.20221130-2149\jars\maven-shared-utils-3.3.4.jar
2023-02-28 16:59:16,993 [Worker-23: Launching mavenrun-f9ad7c4e-c1bd-44f4-a57e-c7e055780f19] INFO  o.eclipse.m2e.core.internal.Bundles - 	Entry: C:\Program Files\eclipse\plugins\org.eclipse.m2e.maven.runtime_3.8.604.20221130-2149\jars\okhttp-3.14.1.jar
2023-02-28 16:59:16,993 [Worker-23: Launching mavenrun-f9ad7c4e-c1bd-44f4-a57e-c7e055780f19] INFO  o.eclipse.m2e.core.internal.Bundles - 	Entry: C:\Program Files\eclipse\plugins\org.eclipse.m2e.maven.runtime_3.8.604.20221130-2149\jars\okio-1.17.3.jar
2023-02-28 16:59:16,994 [Worker-23: Launching mavenrun-f9ad7c4e-c1bd-44f4-a57e-c7e055780f19] INFO  o.eclipse.m2e.core.internal.Bundles - 	Entry: C:\Program Files\eclipse\plugins\org.eclipse.m2e.maven.runtime_3.8.604.20221130-2149\jars\org.eclipse.sisu.inject-0.3.5.jar
2023-02-28 16:59:16,994 [Worker-23: Launching mavenrun-f9ad7c4e-c1bd-44f4-a57e-c7e055780f19] INFO  o.eclipse.m2e.core.internal.Bundles - 	Entry: C:\Program Files\eclipse\plugins\org.eclipse.m2e.maven.runtime_3.8.604.20221130-2149\jars\org.eclipse.sisu.plexus-0.3.5.jar
2023-02-28 16:59:16,994 [Worker-23: Launching mavenrun-f9ad7c4e-c1bd-44f4-a57e-c7e055780f19] INFO  o.eclipse.m2e.core.internal.Bundles - 	Entry: C:\Program Files\eclipse\plugins\org.eclipse.m2e.maven.runtime_3.8.604.20221130-2149\jars\plexus-build-api-0.0.7.jar
2023-02-28 16:59:16,994 [Worker-23: Launching mavenrun-f9ad7c4e-c1bd-44f4-a57e-c7e055780f19] INFO  o.eclipse.m2e.core.internal.Bundles - 	Entry: C:\Program Files\eclipse\plugins\org.eclipse.m2e.maven.runtime_3.8.604.20221130-2149\jars\plexus-cipher-2.0.jar
2023-02-28 16:59:16,994 [Worker-23: Launching mavenrun-f9ad7c4e-c1bd-44f4-a57e-c7e055780f19] INFO  o.eclipse.m2e.core.internal.Bundles - 	Entry: C:\Program Files\eclipse\plugins\org.eclipse.m2e.maven.runtime_3.8.604.20221130-2149\jars\plexus-classworlds-2.6.0.jar
2023-02-28 16:59:16,994 [Worker-23: Launching mavenrun-f9ad7c4e-c1bd-44f4-a57e-c7e055780f19] INFO  o.eclipse.m2e.core.internal.Bundles - 	Entry: C:\Program Files\eclipse\plugins\org.eclipse.m2e.maven.runtime_3.8.604.20221130-2149\jars\plexus-component-annotations-2.1.0.jar
2023-02-28 16:59:16,995 [Worker-23: Launching mavenrun-f9ad7c4e-c1bd-44f4-a57e-c7e055780f19] INFO  o.eclipse.m2e.core.internal.Bundles - 	Entry: C:\Program Files\eclipse\plugins\org.eclipse.m2e.maven.runtime_3.8.604.20221130-2149\jars\plexus-interpolation-1.26.jar
2023-02-28 16:59:16,995 [Worker-23: Launching mavenrun-f9ad7c4e-c1bd-44f4-a57e-c7e055780f19] INFO  o.eclipse.m2e.core.internal.Bundles - 	Entry: C:\Program Files\eclipse\plugins\org.eclipse.m2e.maven.runtime_3.8.604.20221130-2149\jars\plexus-sec-dispatcher-2.0.jar
2023-02-28 16:59:16,995 [Worker-23: Launching mavenrun-f9ad7c4e-c1bd-44f4-a57e-c7e055780f19] INFO  o.eclipse.m2e.core.internal.Bundles - 	Entry: C:\Program Files\eclipse\plugins\org.eclipse.m2e.maven.runtime_3.8.604.20221130-2149\jars\plexus-utils-3.3.1.jar
2023-02-28 16:59:16,995 [Worker-23: Launching mavenrun-f9ad7c4e-c1bd-44f4-a57e-c7e055780f19] INFO  o.eclipse.m2e.core.internal.Bundles - 	Entry: C:\Program Files\eclipse\plugins\org.eclipse.m2e.maven.runtime_3.8.604.20221130-2149\jars\wagon-file-3.5.1.jar
2023-02-28 16:59:16,995 [Worker-23: Launching mavenrun-f9ad7c4e-c1bd-44f4-a57e-c7e055780f19] INFO  o.eclipse.m2e.core.internal.Bundles - 	Entry: C:\Program Files\eclipse\plugins\org.eclipse.m2e.maven.runtime_3.8.604.20221130-2149\jars\wagon-provider-api-3.5.1.jar
2023-02-28 16:59:16,997 [Worker-23: Launching mavenrun-f9ad7c4e-c1bd-44f4-a57e-c7e055780f19] INFO  o.eclipse.m2e.core.internal.Bundles - getClasspathEntries(Bundle=com.google.guava_30.1.0.v20221112-0806 [10])
2023-02-28 16:59:16,999 [Worker-23: Launching mavenrun-f9ad7c4e-c1bd-44f4-a57e-c7e055780f19] INFO  o.eclipse.m2e.core.internal.Bundles - 	Entry: C:\Program Files\eclipse\plugins\com.google.guava_30.1.0.v20221112-0806.jar
2023-02-28 16:59:16,999 [Worker-23: Launching mavenrun-f9ad7c4e-c1bd-44f4-a57e-c7e055780f19] INFO  o.eclipse.m2e.core.internal.Bundles - getClasspathEntries(Bundle=slf4j.api_1.7.36 [918])
2023-02-28 16:59:16,999 [Worker-23: Launching mavenrun-f9ad7c4e-c1bd-44f4-a57e-c7e055780f19] INFO  o.eclipse.m2e.core.internal.Bundles - 	Entry: C:\Program Files\eclipse\plugins\slf4j.api_1.7.36.jar
2023-02-28 16:59:16,999 [Worker-23: Launching mavenrun-f9ad7c4e-c1bd-44f4-a57e-c7e055780f19] INFO  o.eclipse.m2e.core.internal.Bundles - getClasspathEntries(Bundle=javax.inject_1.0.0.v20220405-0441 [32])
2023-02-28 16:59:17,000 [Worker-23: Launching mavenrun-f9ad7c4e-c1bd-44f4-a57e-c7e055780f19] INFO  o.eclipse.m2e.core.internal.Bundles - 	Entry: C:\Program Files\eclipse\plugins\javax.inject_1.0.0.v20220405-0441.jar
2023-02-28 16:59:17,000 [Worker-23: Launching mavenrun-f9ad7c4e-c1bd-44f4-a57e-c7e055780f19] INFO  o.eclipse.m2e.core.internal.Bundles - getClasspathEntries(Bundle=javax.annotation_1.3.5.v20221112-0806 [30])
2023-02-28 16:59:17,001 [Worker-23: Launching mavenrun-f9ad7c4e-c1bd-44f4-a57e-c7e055780f19] INFO  o.eclipse.m2e.core.internal.Bundles - 	Entry: C:\Program Files\eclipse\plugins\javax.annotation_1.3.5.v20221112-0806.jar
2023-02-28 16:59:17,007 [Worker-23: Launching mavenrun-f9ad7c4e-c1bd-44f4-a57e-c7e055780f19] INFO  o.e.m.i.launch.MavenLaunchDelegate - Run build in "C:\Users\U6073031\AppData\Local\Temp\m2e-archetypeGenerator8829706054430731371":
2023-02-28 16:59:17,009 [Worker-23: Launching mavenrun-f9ad7c4e-c1bd-44f4-a57e-c7e055780f19] INFO  o.e.m.i.launch.MavenLaunchDelegate -  mvn  -DarchetypeGroupId=org.apache.tapestry -DarchetypeArtifactId=quickstart -DarchetypeVersion=5.8.2 -DgroupId=com.tapestry -DartifactId=myFirstTapestry -Dversion=0.0.1-SNAPSHOT -Dpackage=com.tapestry.myFirstTapestry -DoutputDirectory=C:\Users\U6073031\TapestryWorkspace -Dstyle.color=always -U archetype:generate
2023-02-28 16:59:30,885 [Worker-20: Creating quickstart] INFO  o.e.m.c.i.p.ProjectConfigurationManager - Collecting project info '/pom.xml' C:\Users\U6073031\TapestryWorkspace\myFirstTapestry\pom.xml
2023-02-28 16:59:31,440 [Worker-20: Creating quickstart] INFO  o.e.m.c.i.l.LifecycleMappingFactory - Using org.maven.ide.eclipse.wtp.WarLifecycleMapping lifecycle mapping for MavenProject: com.tapestry:myFirstTapestry:0.0.1-SNAPSHOT @ C:\Users\U6073031\TapestryWorkspace\myFirstTapestry\pom.xml.
2023-02-28 16:59:32,535 [Worker-20: Creating quickstart] INFO  o.e.m.j.i.AbstractJavaProjectConfigurator - Adding source folder /myFirstTapestry/src/main/java
2023-02-28 16:59:32,536 [Worker-20: Creating quickstart] INFO  o.e.m.j.i.AbstractJavaProjectConfigurator - Adding resource folder /myFirstTapestry/src/main/resources
2023-02-28 16:59:32,548 [Worker-20: Creating quickstart] INFO  o.e.m.j.i.AbstractJavaProjectConfigurator - Adding source folder /myFirstTapestry/src/test/java
2023-02-28 16:59:32,548 [Worker-20: Creating quickstart] INFO  o.e.m.j.i.AbstractJavaProjectConfigurator - Adding resource folder /myFirstTapestry/src/test/resources
2023-02-28 16:59:38,593 [Worker-20: Creating quickstart] INFO  o.e.m.c.i.p.ProjectConfigurationManager - Imported and configured 1 project(s) in 7 sec
2023-02-28 16:59:39,328 [Worker-23: Building] INFO  o.e.m.c.i.embedder.EclipseLogger - Using 'UTF-8' encoding to copy filtered resources.
2023-02-28 16:59:39,331 [Worker-23: Building] INFO  o.e.m.c.i.embedder.EclipseLogger - Copying 8 resources
2023-02-28 16:59:39,352 [Worker-23: Building] INFO  o.e.m.c.i.embedder.EclipseLogger - Using 'UTF-8' encoding to copy filtered resources.
2023-02-28 16:59:39,352 [Worker-23: Building] INFO  o.e.m.c.i.embedder.EclipseLogger - Copying 1 resource
2023-02-28 16:59:59,476 [main] INFO  o.e.m2e.actions.ExecutePomAction - Creating new launch configuration
2023-02-28 17:00:41,284 [Worker-28: Launching myFirstTapestry] INFO  o.e.m.i.launch.MavenLaunchDelegate - Run build in "C:\Users\U6073031\TapestryWorkspace\myFirstTapestry":
2023-02-28 17:00:41,284 [Worker-28: Launching myFirstTapestry] INFO  o.e.m.i.launch.MavenLaunchDelegate -  mvn  -B -Dstyle.color=always jetty:run
2023-02-28 17:00:53,463 [main] INFO  o.e.m2e.actions.ExecutePomAction - Using existing launch configuration
2023-02-28 17:00:53,501 [Worker-20: Launching myFirstTapestry] INFO  o.e.m.i.launch.MavenLaunchDelegate - Run build in "C:\Users\U6073031\TapestryWorkspace\myFirstTapestry":
2023-02-28 17:00:53,502 [Worker-20: Launching myFirstTapestry] INFO  o.e.m.i.launch.MavenLaunchDelegate -  mvn  -B -Dstyle.color=always jetty:run
2023-02-28 17:00:58,339 [main] INFO  o.e.m2e.actions.ExecutePomAction - Creating new launch configuration
2023-02-28 17:01:17,108 [Worker-20: Launching myFirstTapestry (1)] INFO  o.e.m.i.launch.MavenLaunchDelegate - Run build in "C:\Users\U6073031\TapestryWorkspace\myFirstTapestry":
2023-02-28 17:01:17,108 [Worker-20: Launching myFirstTapestry (1)] INFO  o.e.m.i.launch.MavenLaunchDelegate -  mvn  -B -Dstyle.color=always jetty:run
2023-02-28 17:02:00,134 [Worker-28: Rebuilding] INFO  o.e.m.c.i.embedder.EclipseLogger - Using 'UTF-8' encoding to copy filtered resources.
2023-02-28 17:02:00,135 [Worker-28: Rebuilding] INFO  o.e.m.c.i.embedder.EclipseLogger - Copying 8 resources
2023-02-28 17:02:00,155 [Worker-28: Rebuilding] INFO  o.e.m.c.i.embedder.EclipseLogger - Using 'UTF-8' encoding to copy filtered resources.
2023-02-28 17:02:00,155 [Worker-28: Rebuilding] INFO  o.e.m.c.i.embedder.EclipseLogger - Copying 1 resource
2023-02-28 17:02:10,049 [Worker-28: Building] INFO  o.e.m.c.i.embedder.EclipseLogger - Using 'UTF-8' encoding to copy filtered resources.
2023-02-28 17:02:10,050 [Worker-28: Building] INFO  o.e.m.c.i.embedder.EclipseLogger - Copying 0 resource
2023-02-28 17:02:10,052 [Worker-28: Building] INFO  o.e.m.c.i.embedder.EclipseLogger - Using 'UTF-8' encoding to copy filtered resources.
2023-02-28 17:02:10,052 [Worker-28: Building] INFO  o.e.m.c.i.embedder.EclipseLogger - Copying 0 resource
2023-02-28 17:02:15,084 [Worker-26: Building] INFO  o.e.m.c.i.embedder.EclipseLogger - Using 'UTF-8' encoding to copy filtered resources.
2023-02-28 17:02:15,096 [Worker-26: Building] INFO  o.e.m.c.i.embedder.EclipseLogger - Copying 8 resources
2023-02-28 17:02:15,113 [Worker-26: Building] INFO  o.e.m.c.i.embedder.EclipseLogger - Using 'UTF-8' encoding to copy filtered resources.
2023-02-28 17:02:15,114 [Worker-26: Building] INFO  o.e.m.c.i.embedder.EclipseLogger - Copying 1 resource
2023-02-28 17:02:18,615 [main] INFO  o.e.m2e.actions.ExecutePomAction - Creating new launch configuration
2023-02-28 17:02:33,813 [Worker-28: Launching myFirstTapestry (2)] INFO  o.e.m.i.launch.MavenLaunchDelegate - Run build in "C:\Users\U6073031\TapestryWorkspace\myFirstTapestry":
2023-02-28 17:02:33,813 [Worker-28: Launching myFirstTapestry (2)] INFO  o.e.m.i.launch.MavenLaunchDelegate -  mvn  -B -Dstyle.color=always jetty:run
2023-02-28 17:03:01,013 [main] INFO  o.e.m2e.actions.ExecutePomAction - Creating new launch configuration
2023-02-28 17:03:07,293 [Worker-27: Launching myFirstTapestry (3)] INFO  o.e.m.i.launch.MavenLaunchDelegate - Run build in "C:\Users\U6073031\TapestryWorkspace\myFirstTapestry":
2023-02-28 17:03:07,293 [Worker-27: Launching myFirstTapestry (3)] INFO  o.e.m.i.launch.MavenLaunchDelegate -  mvn  -B -Dstyle.color=always jetty:run
2023-02-28 17:03:59,114 [main] INFO  o.e.m2e.actions.ExecutePomAction - Creating new launch configuration
2023-02-28 17:04:15,950 [Worker-27: Launching myFirstTapestry (4)] INFO  o.e.m.i.launch.MavenLaunchDelegate - Run build in "C:\Users\U6073031\TapestryWorkspace\myFirstTapestry":
2023-02-28 17:04:15,950 [Worker-27: Launching myFirstTapestry (4)] INFO  o.e.m.i.launch.MavenLaunchDelegate -  mvn  -B -Dstyle.color=always jetty:run
2023-02-28 17:05:13,726 [main] INFO  o.e.m2e.actions.ExecutePomAction - Creating new launch configuration
2023-02-28 17:05:46,685 [Worker-27: Launching myFirstTapestry (5)] INFO  o.e.m.i.launch.MavenLaunchDelegate - Run build in "C:\Users\U6073031\TapestryWorkspace\myFirstTapestry":
2023-02-28 17:05:46,685 [Worker-27: Launching myFirstTapestry (5)] INFO  o.e.m.i.launch.MavenLaunchDelegate -  mvn  -B -Dstyle.color=always jetty:run
2023-02-28 17:07:13,339 [Worker-25: Building] INFO  o.e.m.c.i.embedder.EclipseLogger - Using 'UTF-8' encoding to copy filtered resources.
2023-02-28 17:07:13,340 [Worker-25: Building] INFO  o.e.m.c.i.embedder.EclipseLogger - Copying 0 resource
2023-02-28 17:07:13,341 [Worker-25: Building] INFO  o.e.m.c.i.embedder.EclipseLogger - Using 'UTF-8' encoding to copy filtered resources.
2023-02-28 17:07:13,341 [Worker-25: Building] INFO  o.e.m.c.i.embedder.EclipseLogger - Copying 0 resource
2023-02-28 17:07:50,362 [Worker-25: Building] INFO  o.e.m.c.i.embedder.EclipseLogger - Using 'UTF-8' encoding to copy filtered resources.
2023-02-28 17:07:50,362 [Worker-25: Building] INFO  o.e.m.c.i.embedder.EclipseLogger - Copying 0 resource
2023-02-28 17:07:50,363 [Worker-25: Building] INFO  o.e.m.c.i.embedder.EclipseLogger - Using 'UTF-8' encoding to copy filtered resources.
2023-02-28 17:07:50,363 [Worker-25: Building] INFO  o.e.m.c.i.embedder.EclipseLogger - Copying 0 resource
2023-02-28 17:07:54,659 [main] INFO  o.e.m2e.actions.ExecutePomAction - Creating new launch configuration
2023-02-28 17:09:50,188 [Worker-34: Building] INFO  o.e.m.c.i.embedder.EclipseLogger - Using 'UTF-8' encoding to copy filtered resources.
2023-02-28 17:09:50,189 [Worker-34: Building] INFO  o.e.m.c.i.embedder.EclipseLogger - Copying 0 resource
2023-02-28 17:09:50,191 [Worker-34: Building] INFO  o.e.m.c.i.embedder.EclipseLogger - Using 'UTF-8' encoding to copy filtered resources.
2023-02-28 17:09:50,191 [Worker-34: Building] INFO  o.e.m.c.i.embedder.EclipseLogger - Copying 0 resource
2023-02-28 17:10:00,347 [main] INFO  o.e.m2e.actions.ExecutePomAction - Creating new launch configuration
2023-02-28 17:10:23,178 [Worker-29: Launching myFirstTapestry (7)] INFO  o.e.m.i.launch.MavenLaunchDelegate - Run build in "C:\Users\U6073031\TapestryWorkspace\myFirstTapestry":
2023-02-28 17:10:23,179 [Worker-29: Launching myFirstTapestry (7)] INFO  o.e.m.i.launch.MavenLaunchDelegate -  mvn  -B -Dstyle.color=always jetty:run
2023-02-28 17:10:56,208 [Worker-34: Building] INFO  o.e.m.c.i.embedder.EclipseLogger - Using 'UTF-8' encoding to copy filtered resources.
2023-02-28 17:10:56,208 [Worker-34: Building] INFO  o.e.m.c.i.embedder.EclipseLogger - Copying 0 resource
2023-02-28 17:10:56,212 [Worker-34: Building] INFO  o.e.m.c.i.embedder.EclipseLogger - Using 'UTF-8' encoding to copy filtered resources.
2023-02-28 17:10:56,212 [Worker-34: Building] INFO  o.e.m.c.i.embedder.EclipseLogger - Copying 0 resource
2023-02-28 17:16:55,148 [Worker-37: Building] INFO  o.e.m.c.i.embedder.EclipseLogger - Using 'UTF-8' encoding to copy filtered resources.
2023-02-28 17:16:55,151 [Worker-37: Building] INFO  o.e.m.c.i.embedder.EclipseLogger - Copying 8 resources
2023-02-28 17:16:55,153 [Worker-37: Building] INFO  o.e.m.c.i.embedder.EclipseLogger - Using 'UTF-8' encoding to copy filtered resources.
2023-02-28 17:16:55,153 [Worker-37: Building] INFO  o.e.m.c.i.embedder.EclipseLogger - Copying 0 resource
2023-02-28 17:17:06,723 [Worker-38: Building] INFO  o.e.m.c.i.embedder.EclipseLogger - Using 'UTF-8' encoding to copy filtered resources.
2023-02-28 17:17:06,726 [Worker-38: Building] INFO  o.e.m.c.i.embedder.EclipseLogger - Copying 8 resources
2023-02-28 17:17:06,728 [Worker-38: Building] INFO  o.e.m.c.i.embedder.EclipseLogger - Using 'UTF-8' encoding to copy filtered resources.
2023-02-28 17:17:06,728 [Worker-38: Building] INFO  o.e.m.c.i.embedder.EclipseLogger - Copying 0 resource
2023-02-28 17:17:33,181 [Worker-31: Building] INFO  o.e.m.c.i.embedder.EclipseLogger - Using 'UTF-8' encoding to copy filtered resources.
2023-02-28 17:17:33,183 [Worker-31: Building] INFO  o.e.m.c.i.embedder.EclipseLogger - Copying 8 resources
2023-02-28 17:17:33,185 [Worker-31: Building] INFO  o.e.m.c.i.embedder.EclipseLogger - Using 'UTF-8' encoding to copy filtered resources.
2023-02-28 17:17:33,185 [Worker-31: Building] INFO  o.e.m.c.i.embedder.EclipseLogger - Copying 0 resource
2023-02-28 17:18:29,541 [Worker-42: Building] ERROR o.e.m.c.i.p.r.ProjectRegistryManager - Could not read pom.xml
org.eclipse.core.runtime.CoreException: Could not read pom.xml
	at org.eclipse.m2e.core.internal.IMavenToolbox.readModel(IMavenToolbox.java:230)
	at org.eclipse.m2e.core.internal.project.registry.ProjectRegistryManager.refreshPhase2(ProjectRegistryManager.java:574)
	at org.eclipse.m2e.core.internal.project.registry.ProjectRegistryManager.refresh(ProjectRegistryManager.java:474)
	at org.eclipse.m2e.core.internal.project.registry.ProjectRegistryManager.refresh(ProjectRegistryManager.java:360)
	at org.eclipse.m2e.core.internal.project.registry.ProjectRegistryManager.refresh(ProjectRegistryManager.java:313)
	at org.eclipse.m2e.core.internal.builder.MavenBuilder$BuildMethod.getProjectFacade(MavenBuilder.java:149)
	at org.eclipse.m2e.core.internal.builder.MavenBuilder$BuildMethod.lambda$0(MavenBuilder.java:87)
	at org.eclipse.m2e.core.internal.embedder.MavenExecutionContext.executeBare(MavenExecutionContext.java:364)
	at org.eclipse.m2e.core.internal.embedder.MavenExecutionContext.execute(MavenExecutionContext.java:274)
	at org.eclipse.m2e.core.internal.embedder.MavenExecutionContext.execute(MavenExecutionContext.java:213)
	at org.eclipse.m2e.core.internal.builder.MavenBuilder$BuildMethod.execute(MavenBuilder.java:86)
	at org.eclipse.m2e.core.internal.builder.MavenBuilder.build(MavenBuilder.java:196)
	at org.eclipse.core.internal.events.BuildManager$2.run(BuildManager.java:1020)
	at org.eclipse.core.runtime.SafeRunner.run(SafeRunner.java:45)
	at org.eclipse.core.internal.events.BuildManager.basicBuild(BuildManager.java:247)
	at org.eclipse.core.internal.events.BuildManager.basicBuild(BuildManager.java:303)
	at org.eclipse.core.internal.events.BuildManager$1.run(BuildManager.java:392)
	at org.eclipse.core.runtime.SafeRunner.run(SafeRunner.java:45)
	at org.eclipse.core.internal.events.BuildManager.basicBuild(BuildManager.java:395)
	at org.eclipse.core.internal.events.BuildManager.basicBuildLoop(BuildManager.java:506)
	at org.eclipse.core.internal.events.BuildManager.basicBuildLoop(BuildManager.java:454)
	at org.eclipse.core.internal.events.BuildManager.build(BuildManager.java:536)
	at org.eclipse.core.internal.events.AutoBuildJob.doBuild(AutoBuildJob.java:161)
	at org.eclipse.core.internal.events.AutoBuildJob.run(AutoBuildJob.java:255)
	at org.eclipse.core.internal.jobs.Worker.run(Worker.java:63)
Caused by: org.apache.maven.model.io.ModelParseException: comment started on line 140 and column 13 was not closed (position: END_TAG seen ...</build>\r\n</project>\r\n... @230:1) caused by: java.io.EOFException: no more data available - expected end tags </dependencies></project> to close start tag <dependencies> from line 29 and start tag <project> from line 1, parser stopped on END_TAG seen ...</build>\r\n</project>\r\n... @230:1
	at org.apache.maven.model.io.DefaultModelReader.read(DefaultModelReader.java:117)
	at org.apache.maven.model.io.DefaultModelReader.read(DefaultModelReader.java:85)
	at org.eclipse.m2e.core.internal.IMavenToolbox.readModel(IMavenToolbox.java:228)
	... 24 common frames omitted
Caused by: org.codehaus.plexus.util.xml.pull.XmlPullParserException: comment started on line 140 and column 13 was not closed (position: END_TAG seen ...</build>\r\n</project>\r\n... @230:1) caused by: java.io.EOFException: no more data available - expected end tags </dependencies></project> to close start tag <dependencies> from line 29 and start tag <project> from line 1, parser stopped on END_TAG seen ...</build>\r\n</project>\r\n... @230:1
	at org.codehaus.plexus.util.xml.pull.MXParser.parseComment(MXParser.java:2988)
	at org.codehaus.plexus.util.xml.pull.MXParser.nextImpl(MXParser.java:1420)
	at org.codehaus.plexus.util.xml.pull.MXParser.next(MXParser.java:1319)
	at org.codehaus.plexus.util.xml.pull.MXParser.nextTag(MXParser.java:1302)
	at org.apache.maven.model.io.xpp3.MavenXpp3Reader.parseModel(MavenXpp3Reader.java:2235)
	at org.apache.maven.model.io.xpp3.MavenXpp3Reader.read(MavenXpp3Reader.java:3872)
	at org.apache.maven.model.io.xpp3.MavenXpp3Reader.read(MavenXpp3Reader.java:595)
	at org.apache.maven.model.io.DefaultModelReader.read(DefaultModelReader.java:112)
	... 26 common frames omitted
Caused by: java.io.EOFException: no more data available - expected end tags </dependencies></project> to close start tag <dependencies> from line 29 and start tag <project> from line 1, parser stopped on END_TAG seen ...</build>\r\n</project>\r\n... @230:1
	at org.codehaus.plexus.util.xml.pull.MXParser.fillBuf(MXParser.java:3761)
	at org.codehaus.plexus.util.xml.pull.MXParser.more(MXParser.java:3776)
	at org.codehaus.plexus.util.xml.pull.MXParser.parseComment(MXParser.java:2901)
	... 33 common frames omitted
2023-02-28 17:18:30,843 [Worker-39: Building] ERROR o.e.m.c.i.p.r.ProjectRegistryManager - Could not read pom.xml
org.eclipse.core.runtime.CoreException: Could not read pom.xml
	at org.eclipse.m2e.core.internal.IMavenToolbox.readModel(IMavenToolbox.java:230)
	at org.eclipse.m2e.core.internal.project.registry.ProjectRegistryManager.refreshPhase2(ProjectRegistryManager.java:574)
	at org.eclipse.m2e.core.internal.project.registry.ProjectRegistryManager.refresh(ProjectRegistryManager.java:474)
	at org.eclipse.m2e.core.internal.project.registry.ProjectRegistryManager.refresh(ProjectRegistryManager.java:360)
	at org.eclipse.m2e.core.internal.project.registry.ProjectRegistryManager.refresh(ProjectRegistryManager.java:313)
	at org.eclipse.m2e.core.internal.builder.MavenBuilder$BuildMethod.getProjectFacade(MavenBuilder.java:149)
	at org.eclipse.m2e.core.internal.builder.MavenBuilder$BuildMethod.lambda$0(MavenBuilder.java:87)
	at org.eclipse.m2e.core.internal.embedder.MavenExecutionContext.executeBare(MavenExecutionContext.java:364)
	at org.eclipse.m2e.core.internal.embedder.MavenExecutionContext.execute(MavenExecutionContext.java:274)
	at org.eclipse.m2e.core.internal.embedder.MavenExecutionContext.execute(MavenExecutionContext.java:213)
	at org.eclipse.m2e.core.internal.builder.MavenBuilder$BuildMethod.execute(MavenBuilder.java:86)
	at org.eclipse.m2e.core.internal.builder.MavenBuilder.build(MavenBuilder.java:196)
	at org.eclipse.core.internal.events.BuildManager$2.run(BuildManager.java:1020)
	at org.eclipse.core.runtime.SafeRunner.run(SafeRunner.java:45)
	at org.eclipse.core.internal.events.BuildManager.basicBuild(BuildManager.java:247)
	at org.eclipse.core.internal.events.BuildManager.basicBuild(BuildManager.java:303)
	at org.eclipse.core.internal.events.BuildManager$1.run(BuildManager.java:392)
	at org.eclipse.core.runtime.SafeRunner.run(SafeRunner.java:45)
	at org.eclipse.core.internal.events.BuildManager.basicBuild(BuildManager.java:395)
	at org.eclipse.core.internal.events.BuildManager.basicBuildLoop(BuildManager.java:506)
	at org.eclipse.core.internal.events.BuildManager.basicBuildLoop(BuildManager.java:454)
	at org.eclipse.core.internal.events.BuildManager.build(BuildManager.java:536)
	at org.eclipse.core.internal.events.AutoBuildJob.doBuild(AutoBuildJob.java:161)
	at org.eclipse.core.internal.events.AutoBuildJob.run(AutoBuildJob.java:255)
	at org.eclipse.core.internal.jobs.Worker.run(Worker.java:63)
Caused by: org.apache.maven.model.io.ModelParseException: comment started on line 140 and column 13 was not closed (position: END_TAG seen ...</build>\r\n</project>\r\n... @230:1) caused by: java.io.EOFException: no more data available - expected end tags </dependencies></project> to close start tag <dependencies> from line 29 and start tag <project> from line 1, parser stopped on END_TAG seen ...</build>\r\n</project>\r\n... @230:1
	at org.apache.maven.model.io.DefaultModelReader.read(DefaultModelReader.java:117)
	at org.apache.maven.model.io.DefaultModelReader.read(DefaultModelReader.java:85)
	at org.eclipse.m2e.core.internal.IMavenToolbox.readModel(IMavenToolbox.java:228)
	... 24 common frames omitted
Caused by: org.codehaus.plexus.util.xml.pull.XmlPullParserException: comment started on line 140 and column 13 was not closed (position: END_TAG seen ...</build>\r\n</project>\r\n... @230:1) caused by: java.io.EOFException: no more data available - expected end tags </dependencies></project> to close start tag <dependencies> from line 29 and start tag <project> from line 1, parser stopped on END_TAG seen ...</build>\r\n</project>\r\n... @230:1
	at org.codehaus.plexus.util.xml.pull.MXParser.parseComment(MXParser.java:2988)
	at org.codehaus.plexus.util.xml.pull.MXParser.nextImpl(MXParser.java:1420)
	at org.codehaus.plexus.util.xml.pull.MXParser.next(MXParser.java:1319)
	at org.codehaus.plexus.util.xml.pull.MXParser.nextTag(MXParser.java:1302)
	at org.apache.maven.model.io.xpp3.MavenXpp3Reader.parseModel(MavenXpp3Reader.java:2235)
	at org.apache.maven.model.io.xpp3.MavenXpp3Reader.read(MavenXpp3Reader.java:3872)
	at org.apache.maven.model.io.xpp3.MavenXpp3Reader.read(MavenXpp3Reader.java:595)
	at org.apache.maven.model.io.DefaultModelReader.read(DefaultModelReader.java:112)
	... 26 common frames omitted
Caused by: java.io.EOFException: no more data available - expected end tags </dependencies></project> to close start tag <dependencies> from line 29 and start tag <project> from line 1, parser stopped on END_TAG seen ...</build>\r\n</project>\r\n... @230:1
	at org.codehaus.plexus.util.xml.pull.MXParser.fillBuf(MXParser.java:3761)
	at org.codehaus.plexus.util.xml.pull.MXParser.more(MXParser.java:3776)
	at org.codehaus.plexus.util.xml.pull.MXParser.parseComment(MXParser.java:2901)
	... 33 common frames omitted
2023-02-28 17:18:45,311 [Worker-39: reload maven project] ERROR o.e.m.c.i.p.r.ProjectRegistryManager - Failed to read Maven project: Some problems were encountered while processing the POMs:
[FATAL] Non-parseable POM C:\Users\U6073031\TapestryWorkspace\myFirstTapestry\pom.xml: comment started on line 140 and column 13 was not closed (position: END_TAG seen ...</build>\r\n</project>\r\n... @230:1) caused by: java.io.EOFException: no more data available - expected end tags </dependencies></project> to close start tag <dependencies> from line 29 and start tag <project> from line 1, parser stopped on END_TAG seen ...</build>\r\n</project>\r\n... @230:1 @ line 230, column 1

org.apache.maven.project.ProjectBuildingException: Some problems were encountered while processing the POMs:
[FATAL] Non-parseable POM C:\Users\U6073031\TapestryWorkspace\myFirstTapestry\pom.xml: comment started on line 140 and column 13 was not closed (position: END_TAG seen ...</build>\r\n</project>\r\n... @230:1) caused by: java.io.EOFException: no more data available - expected end tags </dependencies></project> to close start tag <dependencies> from line 29 and start tag <project> from line 1, parser stopped on END_TAG seen ...</build>\r\n</project>\r\n... @230:1 @ line 230, column 1

	at org.eclipse.m2e.core.internal.IMavenToolbox.readMavenProjects(IMavenToolbox.java:129)
	at org.eclipse.m2e.core.internal.project.registry.ProjectRegistryManager.lambda$20(ProjectRegistryManager.java:883)
	at org.eclipse.m2e.core.internal.embedder.MavenExecutionContext.executeBare(MavenExecutionContext.java:364)
	at org.eclipse.m2e.core.internal.embedder.MavenExecutionContext.execute(MavenExecutionContext.java:274)
	at org.eclipse.m2e.core.internal.embedder.MavenExecutionContext.execute(MavenExecutionContext.java:213)
	at org.eclipse.m2e.core.internal.project.registry.ProjectRegistryManager.readProjectsWithDependencies(ProjectRegistryManager.java:879)
	at org.eclipse.m2e.core.internal.project.registry.ProjectRegistryManager.create(ProjectRegistryManager.java:213)
	at org.eclipse.m2e.core.internal.project.registry.MavenProjectManager.create(MavenProjectManager.java:105)
	at org.eclipse.m2e.core.ui.internal.actions.SelectionUtil.getMavenProject(SelectionUtil.java:239)
	at org.eclipse.m2e.editor.pom.MavenPomEditor.readMavenProject(MavenPomEditor.java:707)
	at org.eclipse.m2e.editor.pom.MavenPomEditor$4.run(MavenPomEditor.java:1027)
	at org.eclipse.core.internal.jobs.Worker.run(Worker.java:63)
2023-02-28 17:18:46,200 [Worker-38: Building] ERROR o.e.m.c.i.p.r.ProjectRegistryManager - Could not read pom.xml
org.eclipse.core.runtime.CoreException: Could not read pom.xml
	at org.eclipse.m2e.core.internal.IMavenToolbox.readModel(IMavenToolbox.java:230)
	at org.eclipse.m2e.core.internal.project.registry.ProjectRegistryManager.refreshPhase2(ProjectRegistryManager.java:574)
	at org.eclipse.m2e.core.internal.project.registry.ProjectRegistryManager.refresh(ProjectRegistryManager.java:474)
	at org.eclipse.m2e.core.internal.project.registry.ProjectRegistryManager.refresh(ProjectRegistryManager.java:360)
	at org.eclipse.m2e.core.internal.project.registry.ProjectRegistryManager.refresh(ProjectRegistryManager.java:313)
	at org.eclipse.m2e.core.internal.builder.MavenBuilder$BuildMethod.getProjectFacade(MavenBuilder.java:149)
	at org.eclipse.m2e.core.internal.builder.MavenBuilder$BuildMethod.lambda$0(MavenBuilder.java:87)
	at org.eclipse.m2e.core.internal.embedder.MavenExecutionContext.executeBare(MavenExecutionContext.java:364)
	at org.eclipse.m2e.core.internal.embedder.MavenExecutionContext.execute(MavenExecutionContext.java:274)
	at org.eclipse.m2e.core.internal.embedder.MavenExecutionContext.execute(MavenExecutionContext.java:213)
	at org.eclipse.m2e.core.internal.builder.MavenBuilder$BuildMethod.execute(MavenBuilder.java:86)
	at org.eclipse.m2e.core.internal.builder.MavenBuilder.build(MavenBuilder.java:196)
	at org.eclipse.core.internal.events.BuildManager$2.run(BuildManager.java:1020)
	at org.eclipse.core.runtime.SafeRunner.run(SafeRunner.java:45)
	at org.eclipse.core.internal.events.BuildManager.basicBuild(BuildManager.java:247)
	at org.eclipse.core.internal.events.BuildManager.basicBuild(BuildManager.java:303)
	at org.eclipse.core.internal.events.BuildManager$1.run(BuildManager.java:392)
	at org.eclipse.core.runtime.SafeRunner.run(SafeRunner.java:45)
	at org.eclipse.core.internal.events.BuildManager.basicBuild(BuildManager.java:395)
	at org.eclipse.core.internal.events.BuildManager.basicBuildLoop(BuildManager.java:506)
	at org.eclipse.core.internal.events.BuildManager.basicBuildLoop(BuildManager.java:454)
	at org.eclipse.core.internal.events.BuildManager.build(BuildManager.java:536)
	at org.eclipse.core.internal.events.AutoBuildJob.doBuild(AutoBuildJob.java:161)
	at org.eclipse.core.internal.events.AutoBuildJob.run(AutoBuildJob.java:255)
	at org.eclipse.core.internal.jobs.Worker.run(Worker.java:63)
Caused by: org.apache.maven.model.io.ModelParseException: comment started on line 140 and column 13 was not closed (position: END_TAG seen ...</build>\r\n</project>\r\n... @230:1) caused by: java.io.EOFException: no more data available - expected end tags </dependencies></project> to close start tag <dependencies> from line 29 and start tag <project> from line 1, parser stopped on END_TAG seen ...</build>\r\n</project>\r\n... @230:1
	at org.apache.maven.model.io.DefaultModelReader.read(DefaultModelReader.java:117)
	at org.apache.maven.model.io.DefaultModelReader.read(DefaultModelReader.java:85)
	at org.eclipse.m2e.core.internal.IMavenToolbox.readModel(IMavenToolbox.java:228)
	... 24 common frames omitted
Caused by: org.codehaus.plexus.util.xml.pull.XmlPullParserException: comment started on line 140 and column 13 was not closed (position: END_TAG seen ...</build>\r\n</project>\r\n... @230:1) caused by: java.io.EOFException: no more data available - expected end tags </dependencies></project> to close start tag <dependencies> from line 29 and start tag <project> from line 1, parser stopped on END_TAG seen ...</build>\r\n</project>\r\n... @230:1
	at org.codehaus.plexus.util.xml.pull.MXParser.parseComment(MXParser.java:2988)
	at org.codehaus.plexus.util.xml.pull.MXParser.nextImpl(MXParser.java:1420)
	at org.codehaus.plexus.util.xml.pull.MXParser.next(MXParser.java:1319)
	at org.codehaus.plexus.util.xml.pull.MXParser.nextTag(MXParser.java:1302)
	at org.apache.maven.model.io.xpp3.MavenXpp3Reader.parseModel(MavenXpp3Reader.java:2235)
	at org.apache.maven.model.io.xpp3.MavenXpp3Reader.read(MavenXpp3Reader.java:3872)
	at org.apache.maven.model.io.xpp3.MavenXpp3Reader.read(MavenXpp3Reader.java:595)
	at org.apache.maven.model.io.DefaultModelReader.read(DefaultModelReader.java:112)
	... 26 common frames omitted
Caused by: java.io.EOFException: no more data available - expected end tags </dependencies></project> to close start tag <dependencies> from line 29 and start tag <project> from line 1, parser stopped on END_TAG seen ...</build>\r\n</project>\r\n... @230:1
	at org.codehaus.plexus.util.xml.pull.MXParser.fillBuf(MXParser.java:3761)
	at org.codehaus.plexus.util.xml.pull.MXParser.more(MXParser.java:3776)
	at org.codehaus.plexus.util.xml.pull.MXParser.parseComment(MXParser.java:2901)
	... 33 common frames omitted
2023-02-28 17:18:55,823 [Worker-31: reload maven project] WARN  o.e.m.c.i.embedder.EclipseLogger - The artifact mysql:mysql-connector-java:jar:8.0.32 has been relocated to com.mysql:mysql-connector-j:jar:8.0.32: MySQL Connector/J artifacts moved to reverse-DNS compliant Maven 2+ coordinates.
2023-02-28 17:18:55,862 [Worker-39: Building] INFO  o.e.m.c.i.l.LifecycleMappingFactory - Using org.maven.ide.eclipse.wtp.WarLifecycleMapping lifecycle mapping for MavenProject: com.tapestry:myFirstTapestry:0.0.1-SNAPSHOT @ C:\Users\U6073031\TapestryWorkspace\myFirstTapestry\pom.xml.
2023-02-28 17:18:56,089 [Worker-39: Building] WARN  o.e.m.c.i.embedder.EclipseLogger - The artifact mysql:mysql-connector-java:jar:8.0.32 has been relocated to com.mysql:mysql-connector-j:jar:8.0.32: MySQL Connector/J artifacts moved to reverse-DNS compliant Maven 2+ coordinates.
2023-02-28 17:18:56,128 [Worker-39: Building] WARN  o.e.m.c.i.embedder.EclipseLogger - The artifact mysql:mysql-connector-java:jar:8.0.32 has been relocated to com.mysql:mysql-connector-j:jar:8.0.32: MySQL Connector/J artifacts moved to reverse-DNS compliant Maven 2+ coordinates.
2023-02-28 17:18:56,716 [Worker-39: Building] INFO  o.e.m.c.i.embedder.EclipseLogger - Using 'UTF-8' encoding to copy filtered resources.
2023-02-28 17:18:56,717 [Worker-39: Building] INFO  o.e.m.c.i.embedder.EclipseLogger - Copying 0 resource
2023-02-28 17:18:56,721 [Worker-39: Building] INFO  o.e.m.c.i.embedder.EclipseLogger - Using 'UTF-8' encoding to copy filtered resources.
2023-02-28 17:18:56,721 [Worker-39: Building] INFO  o.e.m.c.i.embedder.EclipseLogger - Copying 0 resource
2023-02-28 17:18:56,721 [Worker-39: Building] INFO  o.e.m.w.i.f.ResourceFilteringBuildParticipant - Changed resources require a complete clean of filtered resources of myFirstTapestry
2023-02-28 17:18:56,722 [Worker-39: Building] INFO  o.e.m.w.i.f.ResourceFilteringBuildParticipant - Executing resource filtering for myFirstTapestry
2023-02-28 17:18:56,744 [Worker-39: Building] INFO  o.e.m.c.i.embedder.EclipseLogger - Using 'UTF-8' encoding to copy filtered resources.
2023-02-28 17:18:57,969 [Worker-39: Building] INFO  o.e.m.c.i.embedder.EclipseLogger - Using 'UTF-8' encoding to copy filtered resources.
2023-02-28 17:18:57,971 [Worker-39: Building] INFO  o.e.m.c.i.embedder.EclipseLogger - Copying 8 resources
2023-02-28 17:18:57,995 [Worker-39: Building] INFO  o.e.m.c.i.embedder.EclipseLogger - Using 'UTF-8' encoding to copy filtered resources.
2023-02-28 17:18:57,995 [Worker-39: Building] INFO  o.e.m.c.i.embedder.EclipseLogger - Copying 1 resource
2023-02-28 17:19:35,170 [Worker-41: Building] INFO  o.e.m.c.i.embedder.EclipseLogger - Using 'UTF-8' encoding to copy filtered resources.
2023-02-28 17:19:35,183 [Worker-41: Building] INFO  o.e.m.c.i.embedder.EclipseLogger - Copying 8 resources
2023-02-28 17:19:35,186 [Worker-41: Building] INFO  o.e.m.c.i.embedder.EclipseLogger - Using 'UTF-8' encoding to copy filtered resources.
2023-02-28 17:19:35,186 [Worker-41: Building] INFO  o.e.m.c.i.embedder.EclipseLogger - Copying 0 resource
2023-02-28 17:20:12,797 [Worker-40: Building] INFO  o.e.m.c.i.embedder.EclipseLogger - Using 'UTF-8' encoding to copy filtered resources.
2023-02-28 17:20:12,800 [Worker-40: Building] INFO  o.e.m.c.i.embedder.EclipseLogger - Copying 8 resources
2023-02-28 17:20:12,802 [Worker-40: Building] INFO  o.e.m.c.i.embedder.EclipseLogger - Using 'UTF-8' encoding to copy filtered resources.
2023-02-28 17:20:12,802 [Worker-40: Building] INFO  o.e.m.c.i.embedder.EclipseLogger - Copying 0 resource
2023-02-28 17:20:33,498 [Worker-23: Building] INFO  o.e.m.c.i.embedder.EclipseLogger - Using 'UTF-8' encoding to copy filtered resources.
2023-02-28 17:20:33,500 [Worker-23: Building] INFO  o.e.m.c.i.embedder.EclipseLogger - Copying 8 resources
2023-02-28 17:20:33,503 [Worker-23: Building] INFO  o.e.m.c.i.embedder.EclipseLogger - Using 'UTF-8' encoding to copy filtered resources.
2023-02-28 17:20:33,503 [Worker-23: Building] INFO  o.e.m.c.i.embedder.EclipseLogger - Copying 0 resource
2023-02-28 17:20:38,594 [Worker-37: Building] INFO  o.e.m.c.i.embedder.EclipseLogger - Using 'UTF-8' encoding to copy filtered resources.
2023-02-28 17:20:38,597 [Worker-37: Building] INFO  o.e.m.c.i.embedder.EclipseLogger - Copying 8 resources
2023-02-28 17:20:38,600 [Worker-37: Building] INFO  o.e.m.c.i.embedder.EclipseLogger - Using 'UTF-8' encoding to copy filtered resources.
2023-02-28 17:20:38,600 [Worker-37: Building] INFO  o.e.m.c.i.embedder.EclipseLogger - Copying 0 resource
2023-02-28 17:24:38,997 [Worker-39: Launching myFirstTapestry (7)] INFO  o.e.m.i.launch.MavenLaunchDelegate - Run build in "C:\Users\U6073031\TapestryWorkspace\myFirstTapestry":
2023-02-28 17:24:38,997 [Worker-39: Launching myFirstTapestry (7)] INFO  o.e.m.i.launch.MavenLaunchDelegate -  mvn  -B -Dstyle.color=always jetty:run
2023-02-28 17:25:49,438 [main] INFO  o.e.m2e.actions.ExecutePomAction - Creating new launch configuration
2023-02-28 17:26:41,049 [Worker-45: Launching myFirstTapestry (8)] INFO  o.eclipse.m2e.core.internal.Bundles - getClasspathEntries(Bundle=org.eclipse.m2e.workspace.cli_0.3.1 [618])
2023-02-28 17:26:41,051 [Worker-45: Launching myFirstTapestry (8)] INFO  o.eclipse.m2e.core.internal.Bundles - 	Entry: C:\Program Files\eclipse\plugins\org.eclipse.m2e.workspace.cli_0.3.1.jar
2023-02-28 17:26:41,053 [Worker-45: Launching myFirstTapestry (8)] INFO  o.e.m.i.launch.MavenLaunchDelegate - Run build in "C:\Users\U6073031\TapestryWorkspace\myFirstTapestry":
2023-02-28 17:26:41,053 [Worker-45: Launching myFirstTapestry (8)] INFO  o.e.m.i.launch.MavenLaunchDelegate -  mvn  -B -Dstyle.color=always jetty:run
2023-02-28 17:28:35,134 [Worker-51: Building] INFO  o.e.m.c.i.embedder.EclipseLogger - Using 'UTF-8' encoding to copy filtered resources.
2023-02-28 17:28:35,135 [Worker-51: Building] INFO  o.e.m.c.i.embedder.EclipseLogger - Copying 0 resource
2023-02-28 17:28:35,136 [Worker-51: Building] INFO  o.e.m.c.i.embedder.EclipseLogger - Using 'UTF-8' encoding to copy filtered resources.
2023-02-28 17:28:35,137 [Worker-51: Building] INFO  o.e.m.c.i.embedder.EclipseLogger - Copying 0 resource
2023-02-28 17:28:48,255 [Worker-49: Launching myFirstTapestry (8)] INFO  o.eclipse.m2e.core.internal.Bundles - getClasspathEntries(Bundle=org.eclipse.m2e.workspace.cli_0.3.1 [618])
2023-02-28 17:28:48,257 [Worker-49: Launching myFirstTapestry (8)] INFO  o.eclipse.m2e.core.internal.Bundles - 	Entry: C:\Program Files\eclipse\plugins\org.eclipse.m2e.workspace.cli_0.3.1.jar
2023-02-28 17:28:48,259 [Worker-49: Launching myFirstTapestry (8)] INFO  o.e.m.i.launch.MavenLaunchDelegate - Run build in "C:\Users\U6073031\TapestryWorkspace\myFirstTapestry":
2023-02-28 17:28:48,259 [Worker-49: Launching myFirstTapestry (8)] INFO  o.e.m.i.launch.MavenLaunchDelegate -  mvn  -B -Dstyle.color=always jetty:run
2023-02-28 17:29:08,282 [Worker-51: Cleaning all projects] INFO  o.e.m.w.i.f.ResourceFilteringBuildParticipant - Cleaning filtered folder for myFirstTapestry
2023-02-28 17:29:08,527 [Worker-51: Building] INFO  o.e.m.c.i.embedder.EclipseLogger - Using 'UTF-8' encoding to copy filtered resources.
2023-02-28 17:29:08,527 [Worker-51: Building] INFO  o.e.m.c.i.embedder.EclipseLogger - Copying 8 resources
2023-02-28 17:29:08,545 [Worker-51: Building] INFO  o.e.m.c.i.embedder.EclipseLogger - Using 'UTF-8' encoding to copy filtered resources.
2023-02-28 17:29:08,545 [Worker-51: Building] INFO  o.e.m.c.i.embedder.EclipseLogger - Copying 1 resource
2023-02-28 17:29:08,546 [Worker-51: Building] INFO  o.e.m.w.i.f.ResourceFilteringBuildParticipant - Changed resources require a complete clean of filtered resources of myFirstTapestry
2023-02-28 17:29:08,546 [Worker-51: Building] INFO  o.e.m.w.i.f.ResourceFilteringBuildParticipant - Executing resource filtering for myFirstTapestry
2023-02-28 17:29:08,549 [Worker-51: Building] INFO  o.e.m.c.i.embedder.EclipseLogger - Using 'UTF-8' encoding to copy filtered resources.
2023-02-28 17:29:20,981 [Worker-52: Updating Maven Project] INFO  o.e.m.c.i.p.ProjectConfigurationManager - Update started
2023-02-28 17:29:21,152 [Worker-52: Updating Maven Project] INFO  o.e.m.c.i.l.LifecycleMappingFactory - Using org.maven.ide.eclipse.wtp.WarLifecycleMapping lifecycle mapping for MavenProject: com.tapestry:myFirstTapestry:0.0.1-SNAPSHOT @ C:\Users\U6073031\TapestryWorkspace\myFirstTapestry\pom.xml.
2023-02-28 17:29:21,357 [Worker-52: Updating Maven Project] WARN  o.e.m.c.i.embedder.EclipseLogger - The artifact mysql:mysql-connector-java:jar:8.0.32 has been relocated to com.mysql:mysql-connector-j:jar:8.0.32: MySQL Connector/J artifacts moved to reverse-DNS compliant Maven 2+ coordinates.
2023-02-28 17:29:21,390 [Worker-52: Updating Maven Project] WARN  o.e.m.c.i.embedder.EclipseLogger - The artifact mysql:mysql-connector-java:jar:8.0.32 has been relocated to com.mysql:mysql-connector-j:jar:8.0.32: MySQL Connector/J artifacts moved to reverse-DNS compliant Maven 2+ coordinates.
2023-02-28 17:29:21,858 [Worker-52: Updating Maven Project] INFO  o.e.m.j.i.AbstractJavaProjectConfigurator - Adding source folder /myFirstTapestry/src/main/java
2023-02-28 17:29:21,858 [Worker-52: Updating Maven Project] INFO  o.e.m.j.i.AbstractJavaProjectConfigurator - Adding resource folder /myFirstTapestry/src/main/resources
2023-02-28 17:29:21,859 [Worker-52: Updating Maven Project] INFO  o.e.m.j.i.AbstractJavaProjectConfigurator - Adding source folder /myFirstTapestry/src/test/java
2023-02-28 17:29:21,859 [Worker-52: Updating Maven Project] INFO  o.e.m.j.i.AbstractJavaProjectConfigurator - Adding resource folder /myFirstTapestry/src/test/resources
2023-02-28 17:29:22,483 [Worker-52: Updating Maven Project] INFO  o.e.m.w.i.f.ResourceFilteringBuildParticipant - Cleaning filtered folder for myFirstTapestry
2023-02-28 17:29:22,489 [Worker-52: Updating Maven Project] INFO  o.e.m.c.i.p.ProjectConfigurationManager - Update completed for 1 poms: local refresh takes 0.00 sec, refresh facades takes 0.00 sec, update config takes 0.00 sec 
2023-02-28 17:29:22,792 [Worker-51: Building] INFO  o.e.m.c.i.embedder.EclipseLogger - Using 'UTF-8' encoding to copy filtered resources.
2023-02-28 17:29:22,793 [Worker-51: Building] INFO  o.e.m.c.i.embedder.EclipseLogger - Copying 8 resources
2023-02-28 17:29:22,852 [Worker-51: Building] INFO  o.e.m.c.i.embedder.EclipseLogger - Using 'UTF-8' encoding to copy filtered resources.
2023-02-28 17:29:22,852 [Worker-51: Building] INFO  o.e.m.c.i.embedder.EclipseLogger - Copying 1 resource
2023-02-28 17:29:22,855 [Worker-51: Building] INFO  o.e.m.w.i.f.ResourceFilteringBuildParticipant - Changed resources require a complete clean of filtered resources of myFirstTapestry
2023-02-28 17:29:22,855 [Worker-51: Building] INFO  o.e.m.w.i.f.ResourceFilteringBuildParticipant - Executing resource filtering for myFirstTapestry
2023-02-28 17:29:22,859 [Worker-51: Building] INFO  o.e.m.c.i.embedder.EclipseLogger - Using 'UTF-8' encoding to copy filtered resources.
2023-02-28 17:29:34,325 [Worker-49: Launching myFirstTapestry (8)] INFO  o.eclipse.m2e.core.internal.Bundles - getClasspathEntries(Bundle=org.eclipse.m2e.workspace.cli_0.3.1 [618])
2023-02-28 17:29:34,326 [Worker-49: Launching myFirstTapestry (8)] INFO  o.eclipse.m2e.core.internal.Bundles - 	Entry: C:\Program Files\eclipse\plugins\org.eclipse.m2e.workspace.cli_0.3.1.jar
2023-02-28 17:29:34,328 [Worker-49: Launching myFirstTapestry (8)] INFO  o.e.m.i.launch.MavenLaunchDelegate - Run build in "C:\Users\U6073031\TapestryWorkspace\myFirstTapestry":
2023-02-28 17:29:34,328 [Worker-49: Launching myFirstTapestry (8)] INFO  o.e.m.i.launch.MavenLaunchDelegate -  mvn  -B -Dstyle.color=always jetty:run
2023-02-28 17:30:14,965 [Worker-42: Building] INFO  o.e.m.c.i.embedder.EclipseLogger - Using 'UTF-8' encoding to copy filtered resources.
2023-02-28 17:30:14,967 [Worker-42: Building] INFO  o.e.m.c.i.embedder.EclipseLogger - Copying 1 resource
2023-02-28 17:30:14,970 [Worker-42: Building] INFO  o.e.m.c.i.embedder.EclipseLogger - Using 'UTF-8' encoding to copy filtered resources.
2023-02-28 17:30:14,970 [Worker-42: Building] INFO  o.e.m.c.i.embedder.EclipseLogger - Copying 0 resource
2023-02-28 17:39:17,280 [Worker-57: Building] INFO  o.e.m.c.i.embedder.EclipseLogger - Using 'UTF-8' encoding to copy filtered resources.
2023-02-28 17:39:17,281 [Worker-57: Building] INFO  o.e.m.c.i.embedder.EclipseLogger - Copying 1 resource
2023-02-28 17:39:17,284 [Worker-57: Building] INFO  o.e.m.c.i.embedder.EclipseLogger - Using 'UTF-8' encoding to copy filtered resources.
2023-02-28 17:39:17,285 [Worker-57: Building] INFO  o.e.m.c.i.embedder.EclipseLogger - Copying 0 resource
2023-02-28 17:40:24,439 [Worker-58: Building] INFO  o.e.m.c.i.embedder.EclipseLogger - Using 'UTF-8' encoding to copy filtered resources.
2023-02-28 17:40:24,439 [Worker-58: Building] INFO  o.e.m.c.i.embedder.EclipseLogger - Copying 1 resource
2023-02-28 17:40:24,442 [Worker-58: Building] INFO  o.e.m.c.i.embedder.EclipseLogger - Using 'UTF-8' encoding to copy filtered resources.
2023-02-28 17:40:24,442 [Worker-58: Building] INFO  o.e.m.c.i.embedder.EclipseLogger - Copying 0 resource
2023-02-28 17:40:52,513 [Worker-58: Building] INFO  o.e.m.c.i.embedder.EclipseLogger - Using 'UTF-8' encoding to copy filtered resources.
2023-02-28 17:40:52,516 [Worker-58: Building] INFO  o.e.m.c.i.embedder.EclipseLogger - Copying 10 resources
2023-02-28 17:40:52,519 [Worker-58: Building] INFO  o.e.m.c.i.embedder.EclipseLogger - Using 'UTF-8' encoding to copy filtered resources.
2023-02-28 17:40:52,519 [Worker-58: Building] INFO  o.e.m.c.i.embedder.EclipseLogger - Copying 0 resource
2023-02-28 17:42:20,884 [Worker-55: Building] INFO  o.e.m.c.i.embedder.EclipseLogger - Using 'UTF-8' encoding to copy filtered resources.
2023-02-28 17:42:20,886 [Worker-55: Building] INFO  o.e.m.c.i.embedder.EclipseLogger - Copying 10 resources
2023-02-28 17:42:20,888 [Worker-55: Building] INFO  o.e.m.c.i.embedder.EclipseLogger - Using 'UTF-8' encoding to copy filtered resources.
2023-02-28 17:42:20,888 [Worker-55: Building] INFO  o.e.m.c.i.embedder.EclipseLogger - Copying 0 resource
2023-02-28 17:42:55,906 [Worker-56: Building] INFO  o.e.m.c.i.embedder.EclipseLogger - Using 'UTF-8' encoding to copy filtered resources.
2023-02-28 17:42:55,908 [Worker-56: Building] INFO  o.e.m.c.i.embedder.EclipseLogger - Copying 10 resources
2023-02-28 17:42:55,910 [Worker-56: Building] INFO  o.e.m.c.i.embedder.EclipseLogger - Using 'UTF-8' encoding to copy filtered resources.
2023-02-28 17:42:55,910 [Worker-56: Building] INFO  o.e.m.c.i.embedder.EclipseLogger - Copying 0 resource
2023-02-28 17:44:02,326 [Worker-59: Building] INFO  o.e.m.c.i.embedder.EclipseLogger - Using 'UTF-8' encoding to copy filtered resources.
2023-02-28 17:44:02,327 [Worker-59: Building] INFO  o.e.m.c.i.embedder.EclipseLogger - Copying 10 resources
2023-02-28 17:44:02,329 [Worker-59: Building] INFO  o.e.m.c.i.embedder.EclipseLogger - Using 'UTF-8' encoding to copy filtered resources.
2023-02-28 17:44:02,329 [Worker-59: Building] INFO  o.e.m.c.i.embedder.EclipseLogger - Copying 0 resource
2023-02-28 17:44:09,218 [Worker-57: Building] INFO  o.e.m.c.i.embedder.EclipseLogger - Using 'UTF-8' encoding to copy filtered resources.
2023-02-28 17:44:09,221 [Worker-57: Building] INFO  o.e.m.c.i.embedder.EclipseLogger - Copying 10 resources
2023-02-28 17:44:09,223 [Worker-57: Building] INFO  o.e.m.c.i.embedder.EclipseLogger - Using 'UTF-8' encoding to copy filtered resources.
2023-02-28 17:44:09,223 [Worker-57: Building] INFO  o.e.m.c.i.embedder.EclipseLogger - Copying 0 resource
2023-02-28 17:44:23,655 [Worker-56: Building] INFO  o.e.m.c.i.embedder.EclipseLogger - Using 'UTF-8' encoding to copy filtered resources.
2023-02-28 17:44:23,657 [Worker-56: Building] INFO  o.e.m.c.i.embedder.EclipseLogger - Copying 10 resources
2023-02-28 17:44:23,660 [Worker-56: Building] INFO  o.e.m.c.i.embedder.EclipseLogger - Using 'UTF-8' encoding to copy filtered resources.
2023-02-28 17:44:23,660 [Worker-56: Building] INFO  o.e.m.c.i.embedder.EclipseLogger - Copying 0 resource
2023-02-28 17:44:34,880 [Worker-56: Building] INFO  o.e.m.c.i.embedder.EclipseLogger - Using 'UTF-8' encoding to copy filtered resources.
2023-02-28 17:44:34,882 [Worker-56: Building] INFO  o.e.m.c.i.embedder.EclipseLogger - Copying 10 resources
2023-02-28 17:44:34,885 [Worker-56: Building] INFO  o.e.m.c.i.embedder.EclipseLogger - Using 'UTF-8' encoding to copy filtered resources.
2023-02-28 17:44:34,886 [Worker-56: Building] INFO  o.e.m.c.i.embedder.EclipseLogger - Copying 0 resource
2023-02-28 17:44:44,930 [Worker-56: Building] INFO  o.e.m.c.i.embedder.EclipseLogger - Using 'UTF-8' encoding to copy filtered resources.
2023-02-28 17:44:44,931 [Worker-56: Building] INFO  o.e.m.c.i.embedder.EclipseLogger - Copying 10 resources
2023-02-28 17:44:44,933 [Worker-56: Building] INFO  o.e.m.c.i.embedder.EclipseLogger - Using 'UTF-8' encoding to copy filtered resources.
2023-02-28 17:44:44,933 [Worker-56: Building] INFO  o.e.m.c.i.embedder.EclipseLogger - Copying 0 resource
2023-02-28 17:44:57,393 [Worker-55: Building] INFO  o.e.m.c.i.embedder.EclipseLogger - Using 'UTF-8' encoding to copy filtered resources.
2023-02-28 17:44:57,397 [Worker-55: Building] INFO  o.e.m.c.i.embedder.EclipseLogger - Copying 10 resources
2023-02-28 17:44:57,399 [Worker-55: Building] INFO  o.e.m.c.i.embedder.EclipseLogger - Using 'UTF-8' encoding to copy filtered resources.
2023-02-28 17:44:57,400 [Worker-55: Building] INFO  o.e.m.c.i.embedder.EclipseLogger - Copying 0 resource
2023-02-28 17:45:20,748 [Worker-56: Building] INFO  o.e.m.c.i.embedder.EclipseLogger - Using 'UTF-8' encoding to copy filtered resources.
2023-02-28 17:45:20,750 [Worker-56: Building] INFO  o.e.m.c.i.embedder.EclipseLogger - Copying 10 resources
2023-02-28 17:45:20,751 [Worker-56: Building] INFO  o.e.m.c.i.embedder.EclipseLogger - Using 'UTF-8' encoding to copy filtered resources.
2023-02-28 17:45:20,752 [Worker-56: Building] INFO  o.e.m.c.i.embedder.EclipseLogger - Copying 0 resource
2023-02-28 17:45:43,839 [Worker-58: Building] INFO  o.e.m.c.i.embedder.EclipseLogger - Using 'UTF-8' encoding to copy filtered resources.
2023-02-28 17:45:43,841 [Worker-58: Building] INFO  o.e.m.c.i.embedder.EclipseLogger - Copying 10 resources
2023-02-28 17:45:43,843 [Worker-58: Building] INFO  o.e.m.c.i.embedder.EclipseLogger - Using 'UTF-8' encoding to copy filtered resources.
2023-02-28 17:45:43,843 [Worker-58: Building] INFO  o.e.m.c.i.embedder.EclipseLogger - Copying 0 resource
2023-02-28 17:46:43,856 [Worker-60: Launching myFirstTapestry (8)] INFO  o.eclipse.m2e.core.internal.Bundles - getClasspathEntries(Bundle=org.eclipse.m2e.workspace.cli_0.3.1 [618])
2023-02-28 17:46:43,856 [Worker-60: Launching myFirstTapestry (8)] INFO  o.eclipse.m2e.core.internal.Bundles - 	Entry: C:\Program Files\eclipse\plugins\org.eclipse.m2e.workspace.cli_0.3.1.jar
2023-02-28 17:46:43,858 [Worker-60: Launching myFirstTapestry (8)] INFO  o.e.m.i.launch.MavenLaunchDelegate - Run build in "C:\Users\U6073031\TapestryWorkspace\myFirstTapestry":
2023-02-28 17:46:43,858 [Worker-60: Launching myFirstTapestry (8)] INFO  o.e.m.i.launch.MavenLaunchDelegate -  mvn  -B -Dstyle.color=always jetty:run
2023-02-28 17:47:28,200 [Worker-57: Building] INFO  o.e.m.c.i.embedder.EclipseLogger - Using 'UTF-8' encoding to copy filtered resources.
2023-02-28 17:47:28,203 [Worker-57: Building] INFO  o.e.m.c.i.embedder.EclipseLogger - Copying 10 resources
2023-02-28 17:47:28,205 [Worker-57: Building] INFO  o.e.m.c.i.embedder.EclipseLogger - Using 'UTF-8' encoding to copy filtered resources.
2023-02-28 17:47:28,205 [Worker-57: Building] INFO  o.e.m.c.i.embedder.EclipseLogger - Copying 0 resource
2023-02-28 17:47:38,578 [Worker-61: Building] INFO  o.e.m.c.i.embedder.EclipseLogger - Using 'UTF-8' encoding to copy filtered resources.
2023-02-28 17:47:38,580 [Worker-61: Building] INFO  o.e.m.c.i.embedder.EclipseLogger - Copying 10 resources
2023-02-28 17:47:38,582 [Worker-61: Building] INFO  o.e.m.c.i.embedder.EclipseLogger - Using 'UTF-8' encoding to copy filtered resources.
2023-02-28 17:47:38,582 [Worker-61: Building] INFO  o.e.m.c.i.embedder.EclipseLogger - Copying 0 resource
2023-02-28 17:47:54,423 [Worker-57: Building] INFO  o.e.m.c.i.embedder.EclipseLogger - Using 'UTF-8' encoding to copy filtered resources.
2023-02-28 17:47:54,424 [Worker-57: Building] INFO  o.e.m.c.i.embedder.EclipseLogger - Copying 10 resources
2023-02-28 17:47:54,427 [Worker-57: Building] INFO  o.e.m.c.i.embedder.EclipseLogger - Using 'UTF-8' encoding to copy filtered resources.
2023-02-28 17:47:54,427 [Worker-57: Building] INFO  o.e.m.c.i.embedder.EclipseLogger - Copying 0 resource
2023-02-28 17:48:20,751 [Worker-61: Building] INFO  o.e.m.c.i.embedder.EclipseLogger - Using 'UTF-8' encoding to copy filtered resources.
2023-02-28 17:48:20,753 [Worker-61: Building] INFO  o.e.m.c.i.embedder.EclipseLogger - Copying 10 resources
2023-02-28 17:48:20,755 [Worker-61: Building] INFO  o.e.m.c.i.embedder.EclipseLogger - Using 'UTF-8' encoding to copy filtered resources.
2023-02-28 17:48:20,756 [Worker-61: Building] INFO  o.e.m.c.i.embedder.EclipseLogger - Copying 0 resource
2023-02-28 17:48:21,776 [Worker-56: Building] INFO  o.e.m.c.i.embedder.EclipseLogger - Using 'UTF-8' encoding to copy filtered resources.
2023-02-28 17:48:21,778 [Worker-56: Building] INFO  o.e.m.c.i.embedder.EclipseLogger - Copying 10 resources
2023-02-28 17:48:21,779 [Worker-56: Building] INFO  o.e.m.c.i.embedder.EclipseLogger - Using 'UTF-8' encoding to copy filtered resources.
2023-02-28 17:48:21,780 [Worker-56: Building] INFO  o.e.m.c.i.embedder.EclipseLogger - Copying 0 resource
2023-02-28 17:48:48,484 [main] INFO  o.e.m2e.actions.ExecutePomAction - Creating new launch configuration
2023-02-28 17:48:56,451 [Worker-55: Launching myFirstTapestry (8)] INFO  o.eclipse.m2e.core.internal.Bundles - getClasspathEntries(Bundle=org.eclipse.m2e.workspace.cli_0.3.1 [618])
2023-02-28 17:48:56,452 [Worker-55: Launching myFirstTapestry (8)] INFO  o.eclipse.m2e.core.internal.Bundles - 	Entry: C:\Program Files\eclipse\plugins\org.eclipse.m2e.workspace.cli_0.3.1.jar
2023-02-28 17:48:56,455 [Worker-55: Launching myFirstTapestry (8)] INFO  o.e.m.i.launch.MavenLaunchDelegate - Run build in "C:\Users\U6073031\TapestryWorkspace\myFirstTapestry":
2023-02-28 17:48:56,455 [Worker-55: Launching myFirstTapestry (8)] INFO  o.e.m.i.launch.MavenLaunchDelegate -  mvn  -B -Dstyle.color=always jetty:run
2023-02-28 17:54:59,823 [Worker-52: Building] INFO  o.e.m.c.i.embedder.EclipseLogger - Using 'UTF-8' encoding to copy filtered resources.
2023-02-28 17:54:59,824 [Worker-52: Building] INFO  o.e.m.c.i.embedder.EclipseLogger - Copying 0 resource
2023-02-28 17:54:59,824 [Worker-52: Building] INFO  o.e.m.c.i.embedder.EclipseLogger - Using 'UTF-8' encoding to copy filtered resources.
2023-02-28 17:54:59,824 [Worker-52: Building] INFO  o.e.m.c.i.embedder.EclipseLogger - Copying 0 resource
2023-02-28 17:55:07,860 [Worker-62: Building] INFO  o.e.m.c.i.embedder.EclipseLogger - Using 'UTF-8' encoding to copy filtered resources.
2023-02-28 17:55:07,861 [Worker-62: Building] INFO  o.e.m.c.i.embedder.EclipseLogger - Copying 1 resource
2023-02-28 17:55:07,865 [Worker-62: Building] INFO  o.e.m.c.i.embedder.EclipseLogger - Using 'UTF-8' encoding to copy filtered resources.
2023-02-28 17:55:07,865 [Worker-62: Building] INFO  o.e.m.c.i.embedder.EclipseLogger - Copying 0 resource
2023-02-28 17:55:21,220 [main] INFO  o.e.m2e.actions.ExecutePomAction - Creating new launch configuration
2023-02-28 17:55:37,848 [Worker-56: Launching myFirstTapestry (8)] INFO  o.eclipse.m2e.core.internal.Bundles - getClasspathEntries(Bundle=org.eclipse.m2e.workspace.cli_0.3.1 [618])
2023-02-28 17:55:37,849 [Worker-56: Launching myFirstTapestry (8)] INFO  o.eclipse.m2e.core.internal.Bundles - 	Entry: C:\Program Files\eclipse\plugins\org.eclipse.m2e.workspace.cli_0.3.1.jar
2023-02-28 17:55:37,851 [Worker-56: Launching myFirstTapestry (8)] INFO  o.e.m.i.launch.MavenLaunchDelegate - Run build in "C:\Users\U6073031\TapestryWorkspace\myFirstTapestry":
2023-02-28 17:55:37,851 [Worker-56: Launching myFirstTapestry (8)] INFO  o.e.m.i.launch.MavenLaunchDelegate -  mvn  -B -Dstyle.color=always jetty:run
2023-02-28 17:55:38,010 [Worker-59: Building] INFO  o.e.m.c.i.embedder.EclipseLogger - Using 'UTF-8' encoding to copy filtered resources.
2023-02-28 17:55:38,010 [Worker-59: Building] INFO  o.e.m.c.i.embedder.EclipseLogger - Copying 1 resource
2023-02-28 17:55:38,013 [Worker-59: Building] INFO  o.e.m.c.i.embedder.EclipseLogger - Using 'UTF-8' encoding to copy filtered resources.
2023-02-28 17:55:38,013 [Worker-59: Building] INFO  o.e.m.c.i.embedder.EclipseLogger - Copying 0 resource
2023-02-28 18:11:03,853 [Worker-64: Building] INFO  o.e.m.c.i.embedder.EclipseLogger - Using 'UTF-8' encoding to copy filtered resources.
2023-02-28 18:11:03,853 [Worker-64: Building] INFO  o.e.m.c.i.embedder.EclipseLogger - Copying 1 resource
2023-02-28 18:11:03,859 [Worker-64: Building] INFO  o.e.m.c.i.embedder.EclipseLogger - Using 'UTF-8' encoding to copy filtered resources.
2023-02-28 18:11:03,859 [Worker-64: Building] INFO  o.e.m.c.i.embedder.EclipseLogger - Copying 0 resource
2023-02-28 18:11:19,134 [main] INFO  o.e.m2e.actions.ExecutePomAction - Creating new launch configuration
2023-02-28 18:11:28,306 [Worker-63: Launching myFirstTapestry (7)] INFO  o.e.m.i.launch.MavenLaunchDelegate - Run build in "C:\Users\U6073031\TapestryWorkspace\myFirstTapestry":
2023-02-28 18:11:28,306 [Worker-63: Launching myFirstTapestry (7)] INFO  o.e.m.i.launch.MavenLaunchDelegate -  mvn  -B -Dstyle.color=always jetty:run
